mediapp_frontend/build/app/intermediates/manifest_merge_blame_file/debug/manifest-merger-blame-debug-report.txt
1<?xml version="1.0" encoding="utf-8"?>
2<manifest xmlns:android="http://schemas.android.com/apk/res/android"
3    package="com.laika.code.mediapp"
4    android:versionCode="1"
5    android:versionName="1.0.0" >
6
7    <uses-sdk
8        android:minSdkVersion="21"
9        android:targetSdkVersion="34" />
10    <!--
11         The INTERNET permission is required for development. Specifically,
12         the Flutter tool needs it to communicate with the running application
13         to allow setting breakpoints, to provide hot reload, etc.
14    -->
15    <uses-permission android:name="android.permission.INTERNET" />
15-->src\debug\AndroidManifest.xml:6:5-66
15-->src\debug\AndroidManifest.xml:6:22-64
16    <uses-permission android:name="android.permission.RECEIVE_BOOT_COMPLETED" />
16-->src\main\AndroidManifest.xml:3:5-80
16-->src\main\AndroidManifest.xml:3:22-78
17    <uses-permission android:name="android.permission.SCHEDULE_EXACT_ALARM" />
17-->src\main\AndroidManifest.xml:4:5-78
17-->src\main\AndroidManifest.xml:4:22-76
18    <uses-permission android:name="android.permission.USE_EXACT_ALARM" />
18-->src\main\AndroidManifest.xml:5:5-73
18-->src\main\AndroidManifest.xml:5:22-71
19    <uses-permission android:name="android.permission.USE_FULL_SCREEN_INTENT" />
19-->src\main\AndroidManifest.xml:6:5-81
19-->src\main\AndroidManifest.xml:6:22-78
20    <uses-permission android:name="android.permission.POST_NOTIFICATIONS" />
20-->src\main\AndroidManifest.xml:7:5-76
20-->src\main\AndroidManifest.xml:7:22-74
21    <!--
22 Required to query activities that can process text, see:
23         https://developer.android.com/training/package-visibility and
24         https://developer.android.com/reference/android/content/Intent#ACTION_PROCESS_TEXT.
25
26         In particular, this is used by the Flutter engine in io.flutter.plugin.text.ProcessTextPlugin.
27    -->
28    <queries>
28-->src\main\AndroidManifest.xml:56:5-61:15
29        <intent>
29-->src\main\AndroidManifest.xml:57:9-60:18
30            <action android:name="android.intent.action.PROCESS_TEXT" />
30-->src\main\AndroidManifest.xml:58:13-72
30-->src\main\AndroidManifest.xml:58:21-70
31
32            <data android:mimeType="text/plain" />
32-->src\main\AndroidManifest.xml:59:13-50
32-->src\main\AndroidManifest.xml:59:19-48
33        </intent>
34    </queries>
35
36    <uses-permission android:name="android.permission.VIBRATE" />
36-->[:flutter_local_notifications] AndroidManifest.xml:7:5-66
36-->[:flutter_local_notifications] AndroidManifest.xml:7:22-63
37
38    <permission
38-->[androidx.core:core:1.13.1] AndroidManifest.xml:22:5-24:47
39        android:name="com.laika.code.mediapp.DYNAMIC_RECEIVER_NOT_EXPORTED_PERMISSION"
39-->[androidx.core:core:1.13.1] AndroidManifest.xml:23:9-81
40        android:protectionLevel="signature" />
40-->[androidx.core:core:1.13.1] AndroidManifest.xml:24:9-44
41
42    <uses-permission android:name="com.laika.code.mediapp.DYNAMIC_RECEIVER_NOT_EXPORTED_PERMISSION" />
42-->[androidx.core:core:1.13.1] AndroidManifest.xml:26:5-97
42-->[androidx.core:core:1.13.1] AndroidManifest.xml:26:22-94
43
44    <application
45        android:name="android.app.Application"
46        android:appComponentFactory="androidx.core.app.CoreComponentFactory"
46-->[androidx.core:core:1.13.1] AndroidManifest.xml:28:18-86
47        android:debuggable="true"
48        android:extractNativeLibs="true"
49        android:icon="@drawable/img"
50        android:label="mediapp" >
51        <receiver
52            android:name="com.dexterous.flutterlocalnotifications.ScheduledNotificationReceiver"
53            android:exported="false" />
54        <receiver
55            android:name="com.dexterous.flutterlocalnotifications.ScheduledNotificationBootReceiver"
56            android:exported="false" >
57            <intent-filter>
58                <action android:name="android.intent.action.BOOT_COMPLETED" />
59                <action android:name="android.intent.action.MY_PACKAGE_REPLACED" />
60                <action android:name="android.intent.action.QUICKBOOT_POWERON" />
61                <action android:name="com.htc.intent.action.QUICKBOOT_POWERON" />
62            </intent-filter>
63        </receiver>
64        <receiver
65            android:name="com.dexterous.flutterlocalnotifications.ActionBroadcastReceiver"
66            android:exported="false" />
67
68        <activity
69            android:name="com.laika.code.mediapp.MainActivity"
70            android:configChanges="orientation|keyboardHidden|keyboard|screenSize|smallestScreenSize|locale|layoutDirection|fontScale|screenLayout|density|uiMode"
71            android:exported="true"
72            android:hardwareAccelerated="true"
73            android:launchMode="singleTop"
74            android:taskAffinity=""
75            android:theme="@style/LaunchTheme"
76            android:windowSoftInputMode="adjustResize" >
77
78            <!--
79                 Specifies an Android theme to apply to this Activity as soon as
80                 the Android process has started. This theme is visible to the user
81                 while the Flutter UI initializes. After that, this theme continues
82                 to determine the Window background behind the Flutter UI.
83            -->
84            <meta-data
85                android:name="io.flutter.embedding.android.NormalTheme"
86                android:resource="@style/NormalTheme" />
87
88            <intent-filter>
89                <action android:name="android.intent.action.MAIN" />
90
91                <category android:name="android.intent.category.LAUNCHER" />
92            </intent-filter>
93        </activity>
94        <!--
95             Don't delete the meta-data below.
96             This is used by the Flutter tool to generate GeneratedPluginRegistrant.java
97        -->
98        <meta-data
99            android:name="flutterEmbedding"
100            android:value="2" />
101
102        <provider
102-->[:image_picker_android] AndroidManifest.xml:9:9-17:20
103            android:name="io.flutter.plugins.imagepicker.ImagePickerFileProvider"
103-->[:image_picker_android] AndroidManifest.xml:10:13-82
104            android:authorities="com.laika.code.mediapp.flutter.image_provider"
104-->[:image_picker_android] AndroidManifest.xml:11:13-74
105            android:exported="false"
105-->[:image_picker_android] AndroidManifest.xml:12:13-37
106            android:grantUriPermissions="true" >
106-->[:image_picker_android] AndroidManifest.xml:13:13-47
107            <meta-data
107-->[:image_picker_android] AndroidManifest.xml:14:13-16:75
108                android:name="android.support.FILE_PROVIDER_PATHS"
108-->[:image_picker_android] AndroidManifest.xml:15:17-67
109                android:resource="@xml/flutter_image_picker_file_paths" />
109-->[:image_picker_android] AndroidManifest.xml:16:17-72
110        </provider> <!-- Trigger Google Play services to install the backported photo picker module. -->
111        <service
111-->[:image_picker_android] AndroidManifest.xml:19:9-31:19
112            android:name="com.google.android.gms.metadata.ModuleDependencies"
112-->[:image_picker_android] AndroidManifest.xml:20:13-78
113            android:enabled="false"
113-->[:image_picker_android] AndroidManifest.xml:21:13-36
114            android:exported="false" >
114-->[:image_picker_android] AndroidManifest.xml:22:13-37
115            <intent-filter>
115-->[:image_picker_android] AndroidManifest.xml:24:13-26:29
116                <action android:name="com.google.android.gms.metadata.MODULE_DEPENDENCIES" />
116-->[:image_picker_android] AndroidManifest.xml:25:17-94
116-->[:image_picker_android] AndroidManifest.xml:25:25-91
117            </intent-filter>
118
119            <meta-data
119-->[:image_picker_android] AndroidManifest.xml:28:13-30:36
120                android:name="photopicker_activity:0:required"
120-->[:image_picker_android] AndroidManifest.xml:29:17-63
121                android:value="" />
121-->[:image_picker_android] AndroidManifest.xml:30:17-33
122        </service>
123
124        <uses-library
124-->[androidx.window:window:1.2.0] AndroidManifest.xml:23:9-25:40
125            android:name="androidx.window.extensions"
125-->[androidx.window:window:1.2.0] AndroidManifest.xml:24:13-54
126            android:required="false" />
126-->[androidx.window:window:1.2.0] AndroidManifest.xml:25:13-37
127        <uses-library
127-->[androidx.window:window:1.2.0] AndroidManifest.xml:26:9-28:40
128            android:name="androidx.window.sidecar"
128-->[androidx.window:window:1.2.0] AndroidManifest.xml:27:13-51
129            android:required="false" />
129-->[androidx.window:window:1.2.0] AndroidManifest.xml:28:13-37
130
131        <provider
131-->[androidx.lifecycle:lifecycle-process:2.7.0] AndroidManifest.xml:24:9-32:20
132            android:name="androidx.startup.InitializationProvider"
132-->[androidx.lifecycle:lifecycle-process:2.7.0] AndroidManifest.xml:25:13-67
133            android:authorities="com.laika.code.mediapp.androidx-startup"
133-->[androidx.lifecycle:lifecycle-process:2.7.0] AndroidManifest.xml:26:13-68
134            android:exported="false" >
134-->[androidx.lifecycle:lifecycle-process:2.7.0] AndroidManifest.xml:27:13-37
135            <meta-data
135-->[androidx.lifecycle:lifecycle-process:2.7.0] AndroidManifest.xml:29:13-31:52
136                android:name="androidx.lifecycle.ProcessLifecycleInitializer"
136-->[androidx.lifecycle:lifecycle-process:2.7.0] AndroidManifest.xml:30:17-78
137                android:value="androidx.startup" />
137-->[androidx.lifecycle:lifecycle-process:2.7.0] AndroidManifest.xml:31:17-49
138            <meta-data
138-->[androidx.profileinstaller:profileinstaller:1.3.1] AndroidManifest.xml:29:13-31:52
139                android:name="androidx.profileinstaller.ProfileInstallerInitializer"
139-->[androidx.profileinstaller:profileinstaller:1.3.1] AndroidManifest.xml:30:17-85
140                android:value="androidx.startup" />
140-->[androidx.profileinstaller:profileinstaller:1.3.1] AndroidManifest.xml:31:17-49
141        </provider>
142
143        <receiver
143-->[androidx.profileinstaller:profileinstaller:1.3.1] AndroidManifest.xml:34:9-52:20
144            android:name="androidx.profileinstaller.ProfileInstallReceiver"
144-->[androidx.profileinstaller:profileinstaller:1.3.1] AndroidManifest.xml:35:13-76
145            android:directBootAware="false"
145-->[androidx.profileinstaller:profileinstaller:1.3.1] AndroidManifest.xml:36:13-44
146            android:enabled="true"
146-->[androidx.profileinstaller:profileinstaller:1.3.1] AndroidManifest.xml:37:13-35
147            android:exported="true"
147-->[androidx.profileinstaller:profileinstaller:1.3.1] AndroidManifest.xml:38:13-36
148            android:permission="android.permission.DUMP" >
148-->[androidx.profileinstaller:profileinstaller:1.3.1] AndroidManifest.xml:39:13-57
149            <intent-filter>
149-->[androidx.profileinstaller:profileinstaller:1.3.1] AndroidManifest.xml:40:13-42:29
150                <action android:name="androidx.profileinstaller.action.INSTALL_PROFILE" />
150-->[androidx.profileinstaller:profileinstaller:1.3.1] AndroidManifest.xml:41:17-91
150-->[androidx.profileinstaller:profileinstaller:1.3.1] AndroidManifest.xml:41:25-88
151            </intent-filter>
152            <intent-filter>
152-->[androidx.profileinstaller:profileinstaller:1.3.1] AndroidManifest.xml:43:13-45:29
153                <action android:name="androidx.profileinstaller.action.SKIP_FILE" />
153-->[androidx.profileinstaller:profileinstaller:1.3.1] AndroidManifest.xml:44:17-85
153-->[androidx.profileinstaller:profileinstaller:1.3.1] AndroidManifest.xml:44:25-82
154            </intent-filter>
155            <intent-filter>
155-->[androidx.profileinstaller:profileinstaller:1.3.1] AndroidManifest.xml:46:13-48:29
156                <action android:name="androidx.profileinstaller.action.SAVE_PROFILE" />
156-->[androidx.profileinstaller:profileinstaller:1.3.1] AndroidManifest.xml:47:17-88
156-->[androidx.profileinstaller:profileinstaller:1.3.1] AndroidManifest.xml:47:25-85
157            </intent-filter>
158            <intent-filter>
158-->[androidx.profileinstaller:profileinstaller:1.3.1] AndroidManifest.xml:49:13-51:29
159                <action android:name="androidx.profileinstaller.action.BENCHMARK_OPERATION" />
159-->[androidx.profileinstaller:profileinstaller:1.3.1] AndroidManifest.xml:50:17-95
159-->[androidx.profileinstaller:profileinstaller:1.3.1] AndroidManifest.xml:50:25-92
160            </intent-filter>
161        </receiver>
162    </application>
163
164</manifest>